<?xml version="1.0" encoding="UTF-8"?>
<testsuite xmlns:xsi="http://www.w3.org/2001/XMLSchema-instance" xsi:noNamespaceSchemaLocation="https://maven.apache.org/surefire/maven-surefire-plugin/xsd/surefire-test-report-3.0.xsd" version="3.0" name="edu.bu.met.cs665.TestVendingMachine" time="0.06" tests="5" errors="0" skipped="0" failures="0">
  <properties>
[...]
</properties>
  <testcase name="testSelectSpecificBeverages1" classname="edu.bu.met.cs665.TestVendingMachine" time="0.01">
    <system-out><![CDATA[Selected Beverage Category: Coffee
Selected Specific Beverage: Espresso(Temperature: Hot)
]]></system-out>
  </testcase>
  <testcase name="testSelectSpecificBeverages2" classname="edu.bu.met.cs665.TestVendingMachine" time="0.001">
    <system-out><![CDATA[Selected Beverage Category: Coffee
Selected Specific Beverage: Americano(Temperature: Hot)
Selected Beverage Category: Tea
Selected Specific Beverage: Yellow Tea(Temperature: Cold)
]]></system-out>
  </testcase>
  <testcase name="testCalculateTotalPrice1" classname="edu.bu.met.cs665.TestVendingMachine" time="0.001">
    <system-out><![CDATA[Selected Beverage Category: Coffee
Selected Specific Beverage: Espresso(Temperature: Hot)
Added 1 units of Milk (0.5 per unit)
Added 2 units of Sugar (0.5 per unit)
Total price is: 3.5
]]></system-out>
  </testcase>
  <testcase name="testCalculateTotalPrice2" classname="edu.bu.met.cs665.TestVendingMachine" time="0.001">
    <system-out><![CDATA[Selected Beverage Category: Coffee
Selected Specific Beverage: Espresso(Temperature: Cold)
Added 2 units of Milk (0.5 per unit)
Added 2 units of Sugar (0.5 per unit)
Selected Beverage Category: Tea
Selected Specific Beverage: Black Tea(Temperature: Cold)
Added 3 units of Milk (0.5 per unit)
Added 1 units of Sugar (0.5 per unit)
Total price is: 9.0
]]></system-out>
  </testcase>
  <testcase name="testAddIntegrity" classname="edu.bu.met.cs665.TestVendingMachine" time="0.001">
    <system-out><![CDATA[Added 1 units of Milk (0.5 per unit)
Added 3 units of Sugar (0.5 per unit)
]]></system-out>
  </testcase>
</testsuite>